# JRE version: Java(TM) SE Runtime Environment (8.0_211-b12) (build 1.8.0_211-b12)
# Java VM: Java HotSpot(TM) 64-Bit Server VM (25.211-b12 mixed mode windows-amd64 compressed oops)
Heap:
 PSYoungGen      total 150528K, used 134602K [0x00000000eb700000, 0x00000000f5980000, 0x0000000100000000)
  eden space 134656K, 99% used [0x00000000eb700000,0x00000000f3a72bc8,0x00000000f3a80000)
  from space 15872K, 0% used [0x00000000f4a00000,0x00000000f4a00000,0x00000000f5980000)
  to   space 15872K, 0% used [0x00000000f3a80000,0x00000000f3a80000,0x00000000f4a00000)
 ParOldGen       total 62464K, used 22282K [0x00000000c2400000, 0x00000000c6100000, 0x00000000eb700000)
  object space 62464K, 35% used [0x00000000c2400000,0x00000000c39c2ba8,0x00000000c6100000)
 Metaspace       used 40126K, capacity 41700K, committed 41984K, reserved 1085440K
  class space    used 5254K, capacity 5530K, committed 5632K, reserved 1048576K
GC Heap History (10 events):
Event: 6.155 GC heap before
{Heap before GC invocations=8 (full 1):
 PSYoungGen      total 68608K, used 62464K [0x00000000eb700000, 0x00000000f0300000, 0x0000000100000000)
  eden space 62464K, 100% used [0x00000000eb700000,0x00000000ef400000,0x00000000ef400000)
  from space 6144K, 0% used [0x00000000efb00000,0x00000000efb00000,0x00000000f0100000)
  to   space 7168K, 0% used [0x00000000ef400000,0x00000000ef400000,0x00000000efb00000)
 ParOldGen       total 33280K, used 6992K [0x00000000c2400000, 0x00000000c4480000, 0x00000000eb700000)
  object space 33280K, 21% used [0x00000000c2400000,0x00000000c2ad42d0,0x00000000c4480000)
 Metaspace       used 24183K, capacity 24914K, committed 25216K, reserved 1071104K
  class space    used 3167K, capacity 3353K, committed 3456K, reserved 1048576K
Event: 6.230 GC heap after
Heap after GC invocations=8 (full 1):
 PSYoungGen      total 69632K, used 7143K [0x00000000eb700000, 0x00000000f2e80000, 0x0000000100000000)
  eden space 62464K, 0% used [0x00000000eb700000,0x00000000eb700000,0x00000000ef400000)
  from space 7168K, 99% used [0x00000000ef400000,0x00000000efaf9e00,0x00000000efb00000)
  to   space 9728K, 0% used [0x00000000f2500000,0x00000000f2500000,0x00000000f2e80000)
 ParOldGen       total 33280K, used 10712K [0x00000000c2400000, 0x00000000c4480000, 0x00000000eb700000)
  object space 33280K, 32% used [0x00000000c2400000,0x00000000c2e761a0,0x00000000c4480000)
 Metaspace       used 24183K, capacity 24914K, committed 25216K, reserved 1071104K
  class space    used 3167K, capacity 3353K, committed 3456K, reserved 1048576K
}
Event: 8.819 GC heap before
{Heap before GC invocations=9 (full 1):
 PSYoungGen      total 69632K, used 69607K [0x00000000eb700000, 0x00000000f2e80000, 0x0000000100000000)
  eden space 62464K, 100% used [0x00000000eb700000,0x00000000ef400000,0x00000000ef400000)
  from space 7168K, 99% used [0x00000000ef400000,0x00000000efaf9e00,0x00000000efb00000)
  to   space 9728K, 0% used [0x00000000f2500000,0x00000000f2500000,0x00000000f2e80000)
 ParOldGen       total 33280K, used 10712K [0x00000000c2400000, 0x00000000c4480000, 0x00000000eb700000)
  object space 33280K, 32% used [0x00000000c2400000,0x00000000c2e761a0,0x00000000c4480000)
 Metaspace       used 27972K, capacity 28856K, committed 29056K, reserved 1075200K
  class space    used 3666K, capacity 3880K, committed 3968K, reserved 1048576K
Event: 8.840 GC heap after
Heap after GC invocations=9 (full 1):
 PSYoungGen      total 109568K, used 9720K [0x00000000eb700000, 0x00000000f3200000, 0x0000000100000000)
  eden space 99840K, 0% used [0x00000000eb700000,0x00000000eb700000,0x00000000f1880000)
  from space 9728K, 99% used [0x00000000f2500000,0x00000000f2e7e0c0,0x00000000f2e80000)
  to   space 12800K, 0% used [0x00000000f1880000,0x00000000f1880000,0x00000000f2500000)
 ParOldGen       total 33280K, used 13856K [0x00000000c2400000, 0x00000000c4480000, 0x00000000eb700000)
  object space 33280K, 41% used [0x00000000c2400000,0x00000000c3188008,0x00000000c4480000)
 Metaspace       used 27972K, capacity 28856K, committed 29056K, reserved 1075200K
  class space    used 3666K, capacity 3880K, committed 3968K, reserved 1048576K
}
Event: 12.010 GC heap before
{Heap before GC invocations=10 (full 1):
 PSYoungGen      total 109568K, used 109560K [0x00000000eb700000, 0x00000000f3200000, 0x0000000100000000)
  eden space 99840K, 100% used [0x00000000eb700000,0x00000000f1880000,0x00000000f1880000)
  from space 9728K, 99% used [0x00000000f2500000,0x00000000f2e7e0c0,0x00000000f2e80000)
  to   space 12800K, 0% used [0x00000000f1880000,0x00000000f1880000,0x00000000f2500000)
 ParOldGen       total 33280K, used 13856K [0x00000000c2400000, 0x00000000c4480000, 0x00000000eb700000)
  object space 33280K, 41% used [0x00000000c2400000,0x00000000c3188008,0x00000000c4480000)
 Metaspace       used 32304K, capacity 33412K, committed 33664K, reserved 1079296K
  class space    used 4188K, capacity 4414K, committed 4480K, reserved 1048576K
Event: 12.039 GC heap after
Heap after GC invocations=10 (full 1):
 PSYoungGen      total 112640K, used 12787K [0x00000000eb700000, 0x00000000f5980000, 0x0000000100000000)
  eden space 99840K, 0% used [0x00000000eb700000,0x00000000eb700000,0x00000000f1880000)
  from space 12800K, 99% used [0x00000000f1880000,0x00000000f24fcd60,0x00000000f2500000)
  to   space 15872K, 0% used [0x00000000f4a00000,0x00000000f4a00000,0x00000000f5980000)
 ParOldGen       total 33280K, used 17312K [0x00000000c2400000, 0x00000000c4480000, 0x00000000eb700000)
  object space 33280K, 52% used [0x00000000c2400000,0x00000000c34e8180,0x00000000c4480000)
 Metaspace       used 32304K, capacity 33412K, committed 33664K, reserved 1079296K
  class space    used 4188K, capacity 4414K, committed 4480K, reserved 1048576K
}
Event: 13.667 GC heap before
{Heap before GC invocations=11 (full 1):
 PSYoungGen      total 112640K, used 98612K [0x00000000eb700000, 0x00000000f5980000, 0x0000000100000000)
  eden space 99840K, 85% used [0x00000000eb700000,0x00000000f0ad0660,0x00000000f1880000)
  from space 12800K, 99% used [0x00000000f1880000,0x00000000f24fcd60,0x00000000f2500000)
  to   space 15872K, 0% used [0x00000000f4a00000,0x00000000f4a00000,0x00000000f5980000)
 ParOldGen       total 33280K, used 17312K [0x00000000c2400000, 0x00000000c4480000, 0x00000000eb700000)
  object space 33280K, 52% used [0x00000000c2400000,0x00000000c34e8180,0x00000000c4480000)
 Metaspace       used 34044K, capacity 35396K, committed 35456K, reserved 1079296K
  class space    used 4426K, capacity 4688K, committed 4736K, reserved 1048576K
Event: 13.695 GC heap after
Heap after GC invocations=11 (full 1):
 PSYoungGen      total 150528K, used 8538K [0x00000000eb700000, 0x00000000f5980000, 0x0000000100000000)
  eden space 134656K, 0% used [0x00000000eb700000,0x00000000eb700000,0x00000000f3a80000)
  from space 15872K, 53% used [0x00000000f4a00000,0x00000000f5256988,0x00000000f5980000)
  to   space 15872K, 0% used [0x00000000f3a80000,0x00000000f3a80000,0x00000000f4a00000)
 ParOldGen       total 33280K, used 25914K [0x00000000c2400000, 0x00000000c4480000, 0x00000000eb700000)
  object space 33280K, 77% used [0x00000000c2400000,0x00000000c3d4eb48,0x00000000c4480000)
 Metaspace       used 34044K, capacity 35396K, committed 35456K, reserved 1079296K
  class space    used 4426K, capacity 4688K, committed 4736K, reserved 1048576K
}
Event: 13.695 GC heap before
{Heap before GC invocations=12 (full 2):
 PSYoungGen      total 150528K, used 8538K [0x00000000eb700000, 0x00000000f5980000, 0x0000000100000000)
  eden space 134656K, 0% used [0x00000000eb700000,0x00000000eb700000,0x00000000f3a80000)
  from space 15872K, 53% used [0x00000000f4a00000,0x00000000f5256988,0x00000000f5980000)
  to   space 15872K, 0% used [0x00000000f3a80000,0x00000000f3a80000,0x00000000f4a00000)
 ParOldGen       total 33280K, used 25914K [0x00000000c2400000, 0x00000000c4480000, 0x00000000eb700000)
  object space 33280K, 77% used [0x00000000c2400000,0x00000000c3d4eb48,0x00000000c4480000)
 Metaspace       used 34044K, capacity 35396K, committed 35456K, reserved 1079296K
  class space    used 4426K, capacity 4688K, committed 4736K, reserved 1048576K
Event: 13.822 GC heap after
Heap after GC invocations=12 (full 2):
 PSYoungGen      total 150528K, used 0K [0x00000000eb700000, 0x00000000f5980000, 0x0000000100000000)
  eden space 134656K, 0% used [0x00000000eb700000,0x00000000eb700000,0x00000000f3a80000)
  from space 15872K, 0% used [0x00000000f4a00000,0x00000000f4a00000,0x00000000f5980000)
  to   space 15872K, 0% used [0x00000000f3a80000,0x00000000f3a80000,0x00000000f4a00000)
 ParOldGen       total 62464K, used 22282K [0x00000000c2400000, 0x00000000c6100000, 0x00000000eb700000)
  object space 62464K, 35% used [0x00000000c2400000,0x00000000c39c2ba8,0x00000000c6100000)
 Metaspace       used 34044K, capacity 35396K, committed 35456K, reserved 1079296K
  class space    used 4426K, capacity 4688K, committed 4736K, reserved 1048576K
}

