# JRE version: Java(TM) SE Runtime Environment (8.0_211-b12) (build 1.8.0_211-b12)
# Java VM: Java HotSpot(TM) 64-Bit Server VM (25.211-b12 mixed mode windows-amd64 compressed oops)
Heap:
 PSYoungGen      total 145408K, used 58761K [0x00000000eb700000, 0x00000000f5780000, 0x0000000100000000)
  eden space 133632K, 37% used [0x00000000eb700000,0x00000000ee834d80,0x00000000f3980000)
  from space 11776K, 71% used [0x00000000f4c00000,0x00000000f542d890,0x00000000f5780000)
  to   space 15360K, 0% used [0x00000000f3980000,0x00000000f3980000,0x00000000f4880000)
 ParOldGen       total 33792K, used 21372K [0x00000000c2400000, 0x00000000c4500000, 0x00000000eb700000)
  object space 33792K, 63% used [0x00000000c2400000,0x00000000c38df1a8,0x00000000c4500000)
 Metaspace       used 40543K, capacity 42200K, committed 42240K, reserved 1085440K
  class space    used 5324K, capacity 5610K, committed 5632K, reserved 1048576K
GC Heap History (10 events):
Event: 12.792 GC heap before
{Heap before GC invocations=10 (full 1):
 PSYoungGen      total 101888K, used 101859K [0x00000000eb700000, 0x00000000f2b80000, 0x0000000100000000)
  eden space 92160K, 100% used [0x00000000eb700000,0x00000000f1100000,0x00000000f1100000)
  from space 9728K, 99% used [0x00000000f1d80000,0x00000000f26f8c20,0x00000000f2700000)
  to   space 12800K, 0% used [0x00000000f1100000,0x00000000f1100000,0x00000000f1d80000)
 ParOldGen       total 33792K, used 13916K [0x00000000c2400000, 0x00000000c4500000, 0x00000000eb700000)
  object space 33792K, 41% used [0x00000000c2400000,0x00000000c31970d8,0x00000000c4500000)
 Metaspace       used 32192K, capacity 33390K, committed 33664K, reserved 1079296K
  class space    used 4174K, capacity 4411K, committed 4480K, reserved 1048576K
Event: 12.829 GC heap after
Heap after GC invocations=10 (full 1):
 PSYoungGen      total 104960K, used 12793K [0x00000000eb700000, 0x00000000f2b80000, 0x0000000100000000)
  eden space 92160K, 0% used [0x00000000eb700000,0x00000000eb700000,0x00000000f1100000)
  from space 12800K, 99% used [0x00000000f1100000,0x00000000f1d7e7c0,0x00000000f1d80000)
  to   space 9728K, 0% used [0x00000000f1d80000,0x00000000f1d80000,0x00000000f2700000)
 ParOldGen       total 33792K, used 16567K [0x00000000c2400000, 0x00000000c4500000, 0x00000000eb700000)
  object space 33792K, 49% used [0x00000000c2400000,0x00000000c342dc98,0x00000000c4500000)
 Metaspace       used 32192K, capacity 33390K, committed 33664K, reserved 1079296K
  class space    used 4174K, capacity 4411K, committed 4480K, reserved 1048576K
}
Event: 14.293 GC heap before
{Heap before GC invocations=11 (full 1):
 PSYoungGen      total 104960K, used 104953K [0x00000000eb700000, 0x00000000f2b80000, 0x0000000100000000)
  eden space 92160K, 100% used [0x00000000eb700000,0x00000000f1100000,0x00000000f1100000)
  from space 12800K, 99% used [0x00000000f1100000,0x00000000f1d7e7c0,0x00000000f1d80000)
  to   space 9728K, 0% used [0x00000000f1d80000,0x00000000f1d80000,0x00000000f2700000)
 ParOldGen       total 33792K, used 16567K [0x00000000c2400000, 0x00000000c4500000, 0x00000000eb700000)
  object space 33792K, 49% used [0x00000000c2400000,0x00000000c342dc98,0x00000000c4500000)
 Metaspace       used 33637K, capacity 35008K, committed 35200K, reserved 1079296K
  class space    used 4386K, capacity 4624K, committed 4736K, reserved 1048576K
Event: 14.323 GC heap after
Heap after GC invocations=11 (full 1):
 PSYoungGen      total 101888K, used 8346K [0x00000000eb700000, 0x00000000f2b80000, 0x0000000100000000)
  eden space 92160K, 0% used [0x00000000eb700000,0x00000000eb700000,0x00000000f1100000)
  from space 9728K, 85% used [0x00000000f1d80000,0x00000000f25a69b8,0x00000000f2700000)
  to   space 12800K, 0% used [0x00000000f1100000,0x00000000f1100000,0x00000000f1d80000)
 ParOldGen       total 33792K, used 25851K [0x00000000c2400000, 0x00000000c4500000, 0x00000000eb700000)
  object space 33792K, 76% used [0x00000000c2400000,0x00000000c3d3ef98,0x00000000c4500000)
 Metaspace       used 33637K, capacity 35008K, committed 35200K, reserved 1079296K
  class space    used 4386K, capacity 4624K, committed 4736K, reserved 1048576K
}
Event: 14.414 GC heap before
{Heap before GC invocations=12 (full 1):
 PSYoungGen      total 101888K, used 10987K [0x00000000eb700000, 0x00000000f2b80000, 0x0000000100000000)
  eden space 92160K, 2% used [0x00000000eb700000,0x00000000eb994368,0x00000000f1100000)
  from space 9728K, 85% used [0x00000000f1d80000,0x00000000f25a69b8,0x00000000f2700000)
  to   space 12800K, 0% used [0x00000000f1100000,0x00000000f1100000,0x00000000f1d80000)
 ParOldGen       total 33792K, used 25851K [0x00000000c2400000, 0x00000000c4500000, 0x00000000eb700000)
  object space 33792K, 76% used [0x00000000c2400000,0x00000000c3d3ef98,0x00000000c4500000)
 Metaspace       used 34104K, capacity 35424K, committed 35456K, reserved 1079296K
  class space    used 4434K, capacity 4720K, committed 4736K, reserved 1048576K
Event: 14.432 GC heap after
Heap after GC invocations=12 (full 1):
 PSYoungGen      total 104960K, used 352K [0x00000000eb700000, 0x00000000f5b80000, 0x0000000100000000)
  eden space 92160K, 0% used [0x00000000eb700000,0x00000000eb700000,0x00000000f1100000)
  from space 12800K, 2% used [0x00000000f1100000,0x00000000f1158000,0x00000000f1d80000)
  to   space 15872K, 0% used [0x00000000f4c00000,0x00000000f4c00000,0x00000000f5b80000)
 ParOldGen       total 33792K, used 33159K [0x00000000c2400000, 0x00000000c4500000, 0x00000000eb700000)
  object space 33792K, 98% used [0x00000000c2400000,0x00000000c4461da0,0x00000000c4500000)
 Metaspace       used 34104K, capacity 35424K, committed 35456K, reserved 1079296K
  class space    used 4434K, capacity 4720K, committed 4736K, reserved 1048576K
}
Event: 14.432 GC heap before
{Heap before GC invocations=13 (full 2):
 PSYoungGen      total 104960K, used 352K [0x00000000eb700000, 0x00000000f5b80000, 0x0000000100000000)
  eden space 92160K, 0% used [0x00000000eb700000,0x00000000eb700000,0x00000000f1100000)
  from space 12800K, 2% used [0x00000000f1100000,0x00000000f1158000,0x00000000f1d80000)
  to   space 15872K, 0% used [0x00000000f4c00000,0x00000000f4c00000,0x00000000f5b80000)
 ParOldGen       total 33792K, used 33159K [0x00000000c2400000, 0x00000000c4500000, 0x00000000eb700000)
  object space 33792K, 98% used [0x00000000c2400000,0x00000000c4461da0,0x00000000c4500000)
 Metaspace       used 34104K, capacity 35424K, committed 35456K, reserved 1079296K
  class space    used 4434K, capacity 4720K, committed 4736K, reserved 1048576K
Event: 14.585 GC heap after
Heap after GC invocations=13 (full 2):
 PSYoungGen      total 104960K, used 0K [0x00000000eb700000, 0x00000000f5b80000, 0x0000000100000000)
  eden space 92160K, 0% used [0x00000000eb700000,0x00000000eb700000,0x00000000f1100000)
  from space 12800K, 0% used [0x00000000f1100000,0x00000000f1100000,0x00000000f1d80000)
  to   space 15872K, 0% used [0x00000000f4c00000,0x00000000f4c00000,0x00000000f5b80000)
 ParOldGen       total 33792K, used 21364K [0x00000000c2400000, 0x00000000c4500000, 0x00000000eb700000)
  object space 33792K, 63% used [0x00000000c2400000,0x00000000c38dd1a8,0x00000000c4500000)
 Metaspace       used 34104K, capacity 35424K, committed 35456K, reserved 1079296K
  class space    used 4434K, capacity 4720K, committed 4736K, reserved 1048576K
}
Event: 17.700 GC heap before
Event: 17.724 GC heap after

