# JRE version: Java(TM) SE Runtime Environment (8.0_211-b12) (build 1.8.0_211-b12)
# Java VM: Java HotSpot(TM) 64-Bit Server VM (25.211-b12 mixed mode windows-amd64 compressed oops)
Heap:
 PSYoungGen      total 187904K, used 17407K [0x00000000eb700000, 0x00000000fc800000, 0x0000000100000000)
  eden space 173056K, 2% used [0x00000000eb700000,0x00000000ebb69af0,0x00000000f6000000)
  from space 14848K, 86% used [0x00000000f6000000,0x00000000f6c96508,0x00000000f6e80000)
  to   space 16384K, 0% used [0x00000000fb800000,0x00000000fb800000,0x00000000fc800000)
 ParOldGen       total 51712K, used 22419K [0x00000000c2400000, 0x00000000c5680000, 0x00000000eb700000)
  object space 51712K, 43% used [0x00000000c2400000,0x00000000c39e4e70,0x00000000c5680000)
 Metaspace       used 43192K, capacity 44822K, committed 44928K, reserved 1087488K
  class space    used 5627K, capacity 5945K, committed 6016K, reserved 1048576K
GC Heap History (10 events):
Event: 3.160 GC heap before
{Heap before GC invocations=9 (full 1):
 PSYoungGen      total 69632K, used 62464K [0x00000000eb700000, 0x00000000f4000000, 0x0000000100000000)
  eden space 62464K, 100% used [0x00000000eb700000,0x00000000ef400000,0x00000000ef400000)
  from space 7168K, 0% used [0x00000000ef400000,0x00000000ef400000,0x00000000efb00000)
  to   space 7680K, 0% used [0x00000000f3880000,0x00000000f3880000,0x00000000f4000000)
 ParOldGen       total 26624K, used 5348K [0x00000000c2400000, 0x00000000c3e00000, 0x00000000eb700000)
  object space 26624K, 20% used [0x00000000c2400000,0x00000000c2939000,0x00000000c3e00000)
 Metaspace       used 24946K, capacity 25678K, committed 25728K, reserved 1071104K
  class space    used 3268K, capacity 3431K, committed 3456K, reserved 1048576K
Event: 3.174 GC heap after
Heap after GC invocations=9 (full 1):
 PSYoungGen      total 123904K, used 7656K [0x00000000eb700000, 0x00000000f4000000, 0x0000000100000000)
  eden space 116224K, 0% used [0x00000000eb700000,0x00000000eb700000,0x00000000f2880000)
  from space 7680K, 99% used [0x00000000f3880000,0x00000000f3ffa128,0x00000000f4000000)
  to   space 10240K, 0% used [0x00000000f2c00000,0x00000000f2c00000,0x00000000f3600000)
 ParOldGen       total 26624K, used 9119K [0x00000000c2400000, 0x00000000c3e00000, 0x00000000eb700000)
  object space 26624K, 34% used [0x00000000c2400000,0x00000000c2ce7ec8,0x00000000c3e00000)
 Metaspace       used 24946K, capacity 25678K, committed 25728K, reserved 1071104K
  class space    used 3268K, capacity 3431K, committed 3456K, reserved 1048576K
}
Event: 5.010 GC heap before
{Heap before GC invocations=10 (full 1):
 PSYoungGen      total 123904K, used 123841K [0x00000000eb700000, 0x00000000f4000000, 0x0000000100000000)
  eden space 116224K, 99% used [0x00000000eb700000,0x00000000f28765c8,0x00000000f2880000)
  from space 7680K, 99% used [0x00000000f3880000,0x00000000f3ffa128,0x00000000f4000000)
  to   space 10240K, 0% used [0x00000000f2c00000,0x00000000f2c00000,0x00000000f3600000)
 ParOldGen       total 26624K, used 9119K [0x00000000c2400000, 0x00000000c3e00000, 0x00000000eb700000)
  object space 26624K, 34% used [0x00000000c2400000,0x00000000c2ce7ec8,0x00000000c3e00000)
 Metaspace       used 31192K, capacity 32362K, committed 32512K, reserved 1077248K
  class space    used 4043K, capacity 4281K, committed 4352K, reserved 1048576K
Event: 5.036 GC heap after
Heap after GC invocations=10 (full 1):
 PSYoungGen      total 130048K, used 10234K [0x00000000eb700000, 0x00000000f7c00000, 0x0000000100000000)
  eden space 119808K, 0% used [0x00000000eb700000,0x00000000eb700000,0x00000000f2c00000)
  from space 10240K, 99% used [0x00000000f2c00000,0x00000000f35fe8c0,0x00000000f3600000)
  to   space 13824K, 0% used [0x00000000f6e80000,0x00000000f6e80000,0x00000000f7c00000)
 ParOldGen       total 26624K, used 14848K [0x00000000c2400000, 0x00000000c3e00000, 0x00000000eb700000)
  object space 26624K, 55% used [0x00000000c2400000,0x00000000c3280300,0x00000000c3e00000)
 Metaspace       used 31192K, capacity 32362K, committed 32512K, reserved 1077248K
  class space    used 4043K, capacity 4281K, committed 4352K, reserved 1048576K
}
Event: 6.325 GC heap before
{Heap before GC invocations=11 (full 1):
 PSYoungGen      total 130048K, used 130042K [0x00000000eb700000, 0x00000000f7c00000, 0x0000000100000000)
  eden space 119808K, 100% used [0x00000000eb700000,0x00000000f2c00000,0x00000000f2c00000)
  from space 10240K, 99% used [0x00000000f2c00000,0x00000000f35fe8c0,0x00000000f3600000)
  to   space 13824K, 0% used [0x00000000f6e80000,0x00000000f6e80000,0x00000000f7c00000)
 ParOldGen       total 26624K, used 14848K [0x00000000c2400000, 0x00000000c3e00000, 0x00000000eb700000)
  object space 26624K, 55% used [0x00000000c2400000,0x00000000c3280300,0x00000000c3e00000)
 Metaspace       used 33552K, capacity 34942K, committed 35200K, reserved 1079296K
  class space    used 4378K, capacity 4623K, committed 4736K, reserved 1048576K
Event: 6.341 GC heap after
Heap after GC invocations=11 (full 1):
 PSYoungGen      total 186880K, used 10934K [0x00000000eb700000, 0x00000000f8100000, 0x0000000100000000)
  eden space 173056K, 0% used [0x00000000eb700000,0x00000000eb700000,0x00000000f6000000)
  from space 13824K, 79% used [0x00000000f6e80000,0x00000000f792da18,0x00000000f7c00000)
  to   space 14848K, 0% used [0x00000000f6000000,0x00000000f6000000,0x00000000f6e80000)
 ParOldGen       total 26624K, used 20479K [0x00000000c2400000, 0x00000000c3e00000, 0x00000000eb700000)
  object space 26624K, 76% used [0x00000000c2400000,0x00000000c37ffd80,0x00000000c3e00000)
 Metaspace       used 33552K, capacity 34942K, committed 35200K, reserved 1079296K
  class space    used 4378K, capacity 4623K, committed 4736K, reserved 1048576K
}
Event: 6.341 GC heap before
{Heap before GC invocations=12 (full 2):
 PSYoungGen      total 186880K, used 10934K [0x00000000eb700000, 0x00000000f8100000, 0x0000000100000000)
  eden space 173056K, 0% used [0x00000000eb700000,0x00000000eb700000,0x00000000f6000000)
  from space 13824K, 79% used [0x00000000f6e80000,0x00000000f792da18,0x00000000f7c00000)
  to   space 14848K, 0% used [0x00000000f6000000,0x00000000f6000000,0x00000000f6e80000)
 ParOldGen       total 26624K, used 20479K [0x00000000c2400000, 0x00000000c3e00000, 0x00000000eb700000)
  object space 26624K, 76% used [0x00000000c2400000,0x00000000c37ffd80,0x00000000c3e00000)
 Metaspace       used 33552K, capacity 34942K, committed 35200K, reserved 1079296K
  class space    used 4378K, capacity 4623K, committed 4736K, reserved 1048576K
Event: 6.431 GC heap after
Heap after GC invocations=12 (full 2):
 PSYoungGen      total 186880K, used 0K [0x00000000eb700000, 0x00000000f8100000, 0x0000000100000000)
  eden space 173056K, 0% used [0x00000000eb700000,0x00000000eb700000,0x00000000f6000000)
  from space 13824K, 0% used [0x00000000f6e80000,0x00000000f6e80000,0x00000000f7c00000)
  to   space 14848K, 0% used [0x00000000f6000000,0x00000000f6000000,0x00000000f6e80000)
 ParOldGen       total 51712K, used 22411K [0x00000000c2400000, 0x00000000c5680000, 0x00000000eb700000)
  object space 51712K, 43% used [0x00000000c2400000,0x00000000c39e2e70,0x00000000c5680000)
 Metaspace       used 33552K, capacity 34942K, committed 35200K, reserved 1079296K
  class space    used 4378K, capacity 4623K, committed 4736K, reserved 1048576K
}
Event: 15.651 GC heap before
{Heap before GC invocations=13 (full 2):
 PSYoungGen      total 186880K, used 173056K [0x00000000eb700000, 0x00000000f8100000, 0x0000000100000000)
  eden space 173056K, 100% used [0x00000000eb700000,0x00000000f6000000,0x00000000f6000000)
  from space 13824K, 0% used [0x00000000f6e80000,0x00000000f6e80000,0x00000000f7c00000)
  to   space 14848K, 0% used [0x00000000f6000000,0x00000000f6000000,0x00000000f6e80000)
 ParOldGen       total 51712K, used 22411K [0x00000000c2400000, 0x00000000c5680000, 0x00000000eb700000)
  object space 51712K, 43% used [0x00000000c2400000,0x00000000c39e2e70,0x00000000c5680000)
 Metaspace       used 43032K, capacity 44662K, committed 44928K, reserved 1087488K
  class space    used 5615K, capacity 5913K, committed 6016K, reserved 1048576K
Event: 15.692 GC heap after
Heap after GC invocations=13 (full 2):
 PSYoungGen      total 187904K, used 12889K [0x00000000eb700000, 0x00000000fc800000, 0x0000000100000000)
  eden space 173056K, 0% used [0x00000000eb700000,0x00000000eb700000,0x00000000f6000000)
  from space 14848K, 86% used [0x00000000f6000000,0x00000000f6c96508,0x00000000f6e80000)
  to   space 16384K, 0% used [0x00000000fb800000,0x00000000fb800000,0x00000000fc800000)
 ParOldGen       total 51712K, used 22419K [0x00000000c2400000, 0x00000000c5680000, 0x00000000eb700000)
  object space 51712K, 43% used [0x00000000c2400000,0x00000000c39e4e70,0x00000000c5680000)
 Metaspace       used 43032K, capacity 44662K, committed 44928K, reserved 1087488K
  class space    used 5615K, capacity 5913K, committed 6016K, reserved 1048576K
}

